2018-05-10 10:56:00 [INFO][com.gaoan.forever.App][logStarting][48]-> Starting App on RL-20180118DKKR with PID 10224 (D:\workspace_forever_client\forever-client\forever-client-main\target\classes started by Administrator in D:\workspace_forever_client\forever-client\forever-client-main)
2018-05-10 10:56:00 [INFO][com.gaoan.forever.App][logStartupProfileInfo][665]-> The following profiles are active: dev
2018-05-10 10:56:00 [INFO][org.springframework.boot.context.embedded.AnnotationConfigEmbeddedWebApplicationContext][prepareRefresh][582]-> Refreshing org.springframework.boot.context.embedded.AnnotationConfigEmbeddedWebApplicationContext@793138bd: startup date [Thu May 10 10:56:00 CST 2018]; root of context hierarchy
2018-05-10 10:56:02 [INFO][org.springframework.beans.factory.support.DefaultListableBeanFactory][registerBeanDefinition][826]-> Overriding bean definition for bean 'connectionFactory' with a different definition: replacing [Root bean: class [null]; scope=; abstract=false; lazyInit=false; autowireMode=3; dependencyCheck=0; autowireCandidate=true; primary=false; factoryBeanName=redisMessageConfig; factoryMethodName=connectionFactory; initMethodName=null; destroyMethodName=(inferred); defined in class path resource [com/gaoan/forever/config/RedisMessageConfig.class]] with [Root bean: class [null]; scope=; abstract=false; lazyInit=false; autowireMode=3; dependencyCheck=0; autowireCandidate=true; primary=false; factoryBeanName=redisSessionConfig; factoryMethodName=connectionFactory; initMethodName=null; destroyMethodName=(inferred); defined in class path resource [com/gaoan/forever/config/RedisSessionConfig.class]]
2018-05-10 10:56:02 [INFO][org.springframework.data.repository.config.RepositoryConfigurationDelegate][multipleStoresDetected][170]-> Multiple Spring Data modules found, entering strict repository configuration mode!
2018-05-10 10:56:03 [INFO][org.springframework.boot.context.embedded.tomcat.TomcatEmbeddedServletContainer][initialize][87]-> Tomcat initialized with port(s): 8080 (http)
2018-05-10 10:56:03 [INFO][org.apache.catalina.core.StandardService][log][179]-> Starting service Tomcat
2018-05-10 10:56:03 [INFO][org.apache.catalina.core.StandardEngine][log][179]-> Starting Servlet Engine: Apache Tomcat/8.5.6
2018-05-10 10:56:03 [INFO][org.apache.catalina.core.ContainerBase.[Tomcat].[localhost].[/]][log][179]-> Initializing Spring embedded WebApplicationContext
2018-05-10 10:56:03 [INFO][org.springframework.web.context.ContextLoader][prepareEmbeddedWebApplicationContext][276]-> Root WebApplicationContext: initialization completed in 2697 ms
2018-05-10 10:56:04 [INFO][org.springframework.boot.web.servlet.ServletRegistrationBean][onStartup][190]-> Mapping servlet: 'dispatcherServlet' to [/]
2018-05-10 10:56:04 [INFO][org.springframework.boot.web.servlet.FilterRegistrationBean][configure][258]-> Mapping filter: 'characterEncodingFilter' to: [/*]
2018-05-10 10:56:04 [INFO][org.springframework.boot.web.servlet.FilterRegistrationBean][configure][258]-> Mapping filter: 'springSessionRepositoryFilter' to: [/*]
2018-05-10 10:56:04 [INFO][org.springframework.boot.web.servlet.FilterRegistrationBean][configure][258]-> Mapping filter: 'hiddenHttpMethodFilter' to: [/*]
2018-05-10 10:56:04 [INFO][org.springframework.boot.web.servlet.FilterRegistrationBean][configure][258]-> Mapping filter: 'httpPutFormContentFilter' to: [/*]
2018-05-10 10:56:04 [INFO][org.springframework.boot.web.servlet.FilterRegistrationBean][configure][258]-> Mapping filter: 'requestContextFilter' to: [/*]
2018-05-10 10:56:04 [WARN][org.springframework.beans.factory.annotation.AutowiredAnnotationBeanPostProcessor][doWith][461]-> Autowired annotation is not supported on static methods: public static void com.gaoan.forever.App.setServerApiConfig(com.gaoan.forever.config.ServerApiConfig)
2018-05-10 10:56:04 [INFO][com.gaoan.forever.utils.cache.CacheUtils][<init>][38]-> 开始初始化CacheUtils---------------------------
2018-05-10 10:56:04 [INFO][org.springframework.web.servlet.mvc.method.annotation.RequestMappingHandlerAdapter][initControllerAdviceCache][534]-> Looking for @ControllerAdvice: org.springframework.boot.context.embedded.AnnotationConfigEmbeddedWebApplicationContext@793138bd: startup date [Thu May 10 10:56:00 CST 2018]; root of context hierarchy
2018-05-10 10:56:04 [INFO][org.springframework.web.servlet.mvc.method.annotation.RequestMappingHandlerMapping][register][543]-> Mapped "{[/error]}" onto public org.springframework.http.ResponseEntity<java.util.Map<java.lang.String, java.lang.Object>> org.springframework.boot.autoconfigure.web.BasicErrorController.error(javax.servlet.http.HttpServletRequest)
2018-05-10 10:56:04 [INFO][org.springframework.web.servlet.mvc.method.annotation.RequestMappingHandlerMapping][register][543]-> Mapped "{[/error],produces=[text/html]}" onto public org.springframework.web.servlet.ModelAndView org.springframework.boot.autoconfigure.web.BasicErrorController.errorHtml(javax.servlet.http.HttpServletRequest,javax.servlet.http.HttpServletResponse)
2018-05-10 10:56:04 [INFO][org.springframework.web.servlet.handler.SimpleUrlHandlerMapping][registerHandler][354]-> Mapped URL path [/webjars/**] onto handler of type [class org.springframework.web.servlet.resource.ResourceHttpRequestHandler]
2018-05-10 10:56:04 [INFO][org.springframework.web.servlet.handler.SimpleUrlHandlerMapping][registerHandler][354]-> Mapped URL path [/**] onto handler of type [class org.springframework.web.servlet.resource.ResourceHttpRequestHandler]
2018-05-10 10:56:04 [INFO][org.springframework.web.servlet.handler.SimpleUrlHandlerMapping][registerHandler][354]-> Mapped URL path [/**/favicon.ico] onto handler of type [class org.springframework.web.servlet.resource.ResourceHttpRequestHandler]
2018-05-10 10:56:05 [WARN][org.springframework.boot.starter.redis.RedisStarterDeprecationWarningAutoConfiguration][logWarning][43]-> spring-boot-starter-redis is deprecated as of Spring Boot 1.4, please migrate to spring-boot-starter-data-redis
2018-05-10 10:56:05 [INFO][org.springframework.context.support.DefaultLifecycleProcessor][start][341]-> Starting beans in phase 2147483647
2018-05-10 10:56:05 [INFO][org.springframework.scheduling.annotation.ScheduledAnnotationBeanPostProcessor][finishRegistration][245]-> No TaskScheduler/ScheduledExecutorService bean found for scheduled processing
2018-05-10 10:56:05 [INFO][org.springframework.boot.context.embedded.tomcat.TomcatEmbeddedServletContainer][start][185]-> Tomcat started on port(s): 8080 (http)
2018-05-10 10:56:05 [INFO][com.gaoan.forever.App][logStarted][57]-> Started App in 5.227 seconds (JVM running for 5.788)
2018-05-10 10:56:46 [INFO][com.gaoan.forever.App][logStarting][48]-> Starting App on RL-20180118DKKR with PID 2576 (D:\workspace_forever_client\forever-client\forever-client-main\target\classes started by Administrator in D:\workspace_forever_client\forever-client\forever-client-main)
2018-05-10 10:56:46 [INFO][com.gaoan.forever.App][logStartupProfileInfo][665]-> The following profiles are active: dev
2018-05-10 10:56:46 [INFO][org.springframework.boot.context.embedded.AnnotationConfigEmbeddedWebApplicationContext][prepareRefresh][582]-> Refreshing org.springframework.boot.context.embedded.AnnotationConfigEmbeddedWebApplicationContext@3e14c16d: startup date [Thu May 10 10:56:46 CST 2018]; root of context hierarchy
2018-05-10 10:56:47 [INFO][org.springframework.beans.factory.support.DefaultListableBeanFactory][registerBeanDefinition][826]-> Overriding bean definition for bean 'connectionFactory' with a different definition: replacing [Root bean: class [null]; scope=; abstract=false; lazyInit=false; autowireMode=3; dependencyCheck=0; autowireCandidate=true; primary=false; factoryBeanName=redisMessageConfig; factoryMethodName=connectionFactory; initMethodName=null; destroyMethodName=(inferred); defined in class path resource [com/gaoan/forever/config/RedisMessageConfig.class]] with [Root bean: class [null]; scope=; abstract=false; lazyInit=false; autowireMode=3; dependencyCheck=0; autowireCandidate=true; primary=false; factoryBeanName=redisSessionConfig; factoryMethodName=connectionFactory; initMethodName=null; destroyMethodName=(inferred); defined in class path resource [com/gaoan/forever/config/RedisSessionConfig.class]]
2018-05-10 10:56:47 [INFO][org.springframework.data.repository.config.RepositoryConfigurationDelegate][multipleStoresDetected][170]-> Multiple Spring Data modules found, entering strict repository configuration mode!
2018-05-10 10:56:48 [INFO][org.springframework.boot.context.embedded.tomcat.TomcatEmbeddedServletContainer][initialize][87]-> Tomcat initialized with port(s): 8080 (http)
2018-05-10 10:56:48 [INFO][org.apache.catalina.core.StandardService][log][179]-> Starting service Tomcat
2018-05-10 10:56:48 [INFO][org.apache.catalina.core.StandardEngine][log][179]-> Starting Servlet Engine: Apache Tomcat/8.5.6
2018-05-10 10:56:48 [INFO][org.apache.catalina.core.ContainerBase.[Tomcat].[localhost].[/]][log][179]-> Initializing Spring embedded WebApplicationContext
2018-05-10 10:56:48 [INFO][org.springframework.web.context.ContextLoader][prepareEmbeddedWebApplicationContext][276]-> Root WebApplicationContext: initialization completed in 2424 ms
2018-05-10 10:56:48 [INFO][org.springframework.boot.web.servlet.ServletRegistrationBean][onStartup][190]-> Mapping servlet: 'dispatcherServlet' to [/]
2018-05-10 10:56:48 [INFO][org.springframework.boot.web.servlet.FilterRegistrationBean][configure][258]-> Mapping filter: 'characterEncodingFilter' to: [/*]
2018-05-10 10:56:48 [INFO][org.springframework.boot.web.servlet.FilterRegistrationBean][configure][258]-> Mapping filter: 'springSessionRepositoryFilter' to: [/*]
2018-05-10 10:56:48 [INFO][org.springframework.boot.web.servlet.FilterRegistrationBean][configure][258]-> Mapping filter: 'hiddenHttpMethodFilter' to: [/*]
2018-05-10 10:56:48 [INFO][org.springframework.boot.web.servlet.FilterRegistrationBean][configure][258]-> Mapping filter: 'httpPutFormContentFilter' to: [/*]
2018-05-10 10:56:48 [INFO][org.springframework.boot.web.servlet.FilterRegistrationBean][configure][258]-> Mapping filter: 'requestContextFilter' to: [/*]
2018-05-10 10:56:48 [WARN][org.springframework.beans.factory.annotation.AutowiredAnnotationBeanPostProcessor][doWith][461]-> Autowired annotation is not supported on static methods: public static void com.gaoan.forever.App.setServerApiConfig(com.gaoan.forever.config.ServerApiConfig)
2018-05-10 10:56:49 [INFO][com.gaoan.forever.utils.cache.CacheUtils][<init>][38]-> 开始初始化CacheUtils---------------------------
2018-05-10 10:56:49 [INFO][org.springframework.web.servlet.mvc.method.annotation.RequestMappingHandlerAdapter][initControllerAdviceCache][534]-> Looking for @ControllerAdvice: org.springframework.boot.context.embedded.AnnotationConfigEmbeddedWebApplicationContext@3e14c16d: startup date [Thu May 10 10:56:46 CST 2018]; root of context hierarchy
2018-05-10 10:56:49 [INFO][org.springframework.web.servlet.mvc.method.annotation.RequestMappingHandlerMapping][register][543]-> Mapped "{[/error]}" onto public org.springframework.http.ResponseEntity<java.util.Map<java.lang.String, java.lang.Object>> org.springframework.boot.autoconfigure.web.BasicErrorController.error(javax.servlet.http.HttpServletRequest)
2018-05-10 10:56:49 [INFO][org.springframework.web.servlet.mvc.method.annotation.RequestMappingHandlerMapping][register][543]-> Mapped "{[/error],produces=[text/html]}" onto public org.springframework.web.servlet.ModelAndView org.springframework.boot.autoconfigure.web.BasicErrorController.errorHtml(javax.servlet.http.HttpServletRequest,javax.servlet.http.HttpServletResponse)
2018-05-10 10:56:49 [INFO][org.springframework.web.servlet.handler.SimpleUrlHandlerMapping][registerHandler][354]-> Mapped URL path [/webjars/**] onto handler of type [class org.springframework.web.servlet.resource.ResourceHttpRequestHandler]
2018-05-10 10:56:49 [INFO][org.springframework.web.servlet.handler.SimpleUrlHandlerMapping][registerHandler][354]-> Mapped URL path [/**] onto handler of type [class org.springframework.web.servlet.resource.ResourceHttpRequestHandler]
2018-05-10 10:56:49 [INFO][org.springframework.web.servlet.handler.SimpleUrlHandlerMapping][registerHandler][354]-> Mapped URL path [/**/favicon.ico] onto handler of type [class org.springframework.web.servlet.resource.ResourceHttpRequestHandler]
2018-05-10 10:56:49 [WARN][org.springframework.boot.starter.redis.RedisStarterDeprecationWarningAutoConfiguration][logWarning][43]-> spring-boot-starter-redis is deprecated as of Spring Boot 1.4, please migrate to spring-boot-starter-data-redis
2018-05-10 10:56:49 [INFO][org.springframework.context.support.DefaultLifecycleProcessor][start][341]-> Starting beans in phase 2147483647
2018-05-10 10:56:49 [INFO][org.springframework.scheduling.annotation.ScheduledAnnotationBeanPostProcessor][finishRegistration][245]-> No TaskScheduler/ScheduledExecutorService bean found for scheduled processing
2018-05-10 10:56:50 [INFO][org.springframework.boot.context.embedded.tomcat.TomcatEmbeddedServletContainer][start][185]-> Tomcat started on port(s): 8080 (http)
2018-05-10 10:56:50 [INFO][com.gaoan.forever.App][logStarted][57]-> Started App in 4.611 seconds (JVM running for 5.152)
2018-05-10 11:10:52 [INFO][com.gaoan.forever.App][logStarting][48]-> Starting App on RL-20180118DKKR with PID 7932 (D:\workspace_forever_client\forever-client\forever-client-main\target\classes started by Administrator in D:\workspace_forever_client\forever-client\forever-client-main)
2018-05-10 11:10:52 [INFO][com.gaoan.forever.App][logStartupProfileInfo][665]-> The following profiles are active: dev
2018-05-10 11:10:52 [INFO][org.springframework.boot.context.embedded.AnnotationConfigEmbeddedWebApplicationContext][prepareRefresh][582]-> Refreshing org.springframework.boot.context.embedded.AnnotationConfigEmbeddedWebApplicationContext@784b990c: startup date [Thu May 10 11:10:52 CST 2018]; root of context hierarchy
2018-05-10 11:10:53 [INFO][org.springframework.beans.factory.support.DefaultListableBeanFactory][registerBeanDefinition][826]-> Overriding bean definition for bean 'connectionFactory' with a different definition: replacing [Root bean: class [null]; scope=; abstract=false; lazyInit=false; autowireMode=3; dependencyCheck=0; autowireCandidate=true; primary=false; factoryBeanName=redisMessageConfig; factoryMethodName=connectionFactory; initMethodName=null; destroyMethodName=(inferred); defined in class path resource [com/gaoan/forever/config/RedisMessageConfig.class]] with [Root bean: class [null]; scope=; abstract=false; lazyInit=false; autowireMode=3; dependencyCheck=0; autowireCandidate=true; primary=false; factoryBeanName=redisSessionConfig; factoryMethodName=connectionFactory; initMethodName=null; destroyMethodName=(inferred); defined in class path resource [com/gaoan/forever/config/RedisSessionConfig.class]]
