2018-05-10 10:56:00.775  INFO 10224 --- [main] com.gaoan.forever.App                    : Starting App on RL-20180118DKKR with PID 10224 (D:\workspace_forever_client\forever-client\forever-client-main\target\classes started by Administrator in D:\workspace_forever_client\forever-client\forever-client-main)
2018-05-10 10:56:00.776  INFO 10224 --- [main] com.gaoan.forever.App                    : The following profiles are active: dev
2018-05-10 10:56:00.854  INFO 10224 --- [main] ationConfigEmbeddedWebApplicationContext : Refreshing org.springframework.boot.context.embedded.AnnotationConfigEmbeddedWebApplicationContext@793138bd: startup date [Thu May 10 10:56:00 CST 2018]; root of context hierarchy
2018-05-10 10:56:02.028  INFO 10224 --- [main] o.s.b.f.s.DefaultListableBeanFactory     : Overriding bean definition for bean 'connectionFactory' with a different definition: replacing [Root bean: class [null]; scope=; abstract=false; lazyInit=false; autowireMode=3; dependencyCheck=0; autowireCandidate=true; primary=false; factoryBeanName=redisMessageConfig; factoryMethodName=connectionFactory; initMethodName=null; destroyMethodName=(inferred); defined in class path resource [com/gaoan/forever/config/RedisMessageConfig.class]] with [Root bean: class [null]; scope=; abstract=false; lazyInit=false; autowireMode=3; dependencyCheck=0; autowireCandidate=true; primary=false; factoryBeanName=redisSessionConfig; factoryMethodName=connectionFactory; initMethodName=null; destroyMethodName=(inferred); defined in class path resource [com/gaoan/forever/config/RedisSessionConfig.class]]
2018-05-10 10:56:02.210  INFO 10224 --- [main] .s.d.r.c.RepositoryConfigurationDelegate : Multiple Spring Data modules found, entering strict repository configuration mode!
2018-05-10 10:56:03.242  INFO 10224 --- [main] s.b.c.e.t.TomcatEmbeddedServletContainer : Tomcat initialized with port(s): 8080 (http)
2018-05-10 10:56:03.267  INFO 10224 --- [main] o.apache.catalina.core.StandardService   : Starting service Tomcat
2018-05-10 10:56:03.272  INFO 10224 --- [main] org.apache.catalina.core.StandardEngine  : Starting Servlet Engine: Apache Tomcat/8.5.6
2018-05-10 10:56:03.549  INFO 10224 --- [localhost-startStop-1] o.a.c.c.C.[Tomcat].[localhost].[/]       : Initializing Spring embedded WebApplicationContext
2018-05-10 10:56:03.552  INFO 10224 --- [localhost-startStop-1] o.s.web.context.ContextLoader            : Root WebApplicationContext: initialization completed in 2697 ms
2018-05-10 10:56:04.150  INFO 10224 --- [localhost-startStop-1] o.s.b.w.servlet.ServletRegistrationBean  : Mapping servlet: 'dispatcherServlet' to [/]
2018-05-10 10:56:04.154  INFO 10224 --- [localhost-startStop-1] o.s.b.w.servlet.FilterRegistrationBean   : Mapping filter: 'characterEncodingFilter' to: [/*]
2018-05-10 10:56:04.156  INFO 10224 --- [localhost-startStop-1] o.s.b.w.servlet.FilterRegistrationBean   : Mapping filter: 'springSessionRepositoryFilter' to: [/*]
2018-05-10 10:56:04.156  INFO 10224 --- [localhost-startStop-1] o.s.b.w.servlet.FilterRegistrationBean   : Mapping filter: 'hiddenHttpMethodFilter' to: [/*]
2018-05-10 10:56:04.156  INFO 10224 --- [localhost-startStop-1] o.s.b.w.servlet.FilterRegistrationBean   : Mapping filter: 'httpPutFormContentFilter' to: [/*]
2018-05-10 10:56:04.157  INFO 10224 --- [localhost-startStop-1] o.s.b.w.servlet.FilterRegistrationBean   : Mapping filter: 'requestContextFilter' to: [/*]
2018-05-10 10:56:04.226  WARN 10224 --- [main] f.a.AutowiredAnnotationBeanPostProcessor : Autowired annotation is not supported on static methods: public static void com.gaoan.forever.App.setServerApiConfig(com.gaoan.forever.config.ServerApiConfig)
2018-05-10 10:56:04.240  INFO 10224 --- [main] c.gaoan.forever.utils.cache.CacheUtils   : 开始初始化CacheUtils---------------------------
2018-05-10 10:56:04.633  INFO 10224 --- [main] s.w.s.m.m.a.RequestMappingHandlerAdapter : Looking for @ControllerAdvice: org.springframework.boot.context.embedded.AnnotationConfigEmbeddedWebApplicationContext@793138bd: startup date [Thu May 10 10:56:00 CST 2018]; root of context hierarchy
2018-05-10 10:56:04.715  INFO 10224 --- [main] s.w.s.m.m.a.RequestMappingHandlerMapping : Mapped "{[/error]}" onto public org.springframework.http.ResponseEntity<java.util.Map<java.lang.String, java.lang.Object>> org.springframework.boot.autoconfigure.web.BasicErrorController.error(javax.servlet.http.HttpServletRequest)
2018-05-10 10:56:04.718  INFO 10224 --- [main] s.w.s.m.m.a.RequestMappingHandlerMapping : Mapped "{[/error],produces=[text/html]}" onto public org.springframework.web.servlet.ModelAndView org.springframework.boot.autoconfigure.web.BasicErrorController.errorHtml(javax.servlet.http.HttpServletRequest,javax.servlet.http.HttpServletResponse)
2018-05-10 10:56:04.760  INFO 10224 --- [main] o.s.w.s.handler.SimpleUrlHandlerMapping  : Mapped URL path [/webjars/**] onto handler of type [class org.springframework.web.servlet.resource.ResourceHttpRequestHandler]
2018-05-10 10:56:04.761  INFO 10224 --- [main] o.s.w.s.handler.SimpleUrlHandlerMapping  : Mapped URL path [/**] onto handler of type [class org.springframework.web.servlet.resource.ResourceHttpRequestHandler]
2018-05-10 10:56:04.846  INFO 10224 --- [main] o.s.w.s.handler.SimpleUrlHandlerMapping  : Mapped URL path [/**/favicon.ico] onto handler of type [class org.springframework.web.servlet.resource.ResourceHttpRequestHandler]
2018-05-10 10:56:05.132  WARN 10224 --- [main] arterDeprecationWarningAutoConfiguration : spring-boot-starter-redis is deprecated as of Spring Boot 1.4, please migrate to spring-boot-starter-data-redis
2018-05-10 10:56:05.275  INFO 10224 --- [main] o.s.c.support.DefaultLifecycleProcessor  : Starting beans in phase 2147483647
2018-05-10 10:56:05.289  INFO 10224 --- [main] s.a.ScheduledAnnotationBeanPostProcessor : No TaskScheduler/ScheduledExecutorService bean found for scheduled processing
2018-05-10 10:56:05.363  INFO 10224 --- [main] s.b.c.e.t.TomcatEmbeddedServletContainer : Tomcat started on port(s): 8080 (http)
2018-05-10 10:56:05.368  INFO 10224 --- [main] com.gaoan.forever.App                    : Started App in 5.227 seconds (JVM running for 5.788)
2018-05-10 10:56:46.015  INFO 2576 --- [main] com.gaoan.forever.App                    : Starting App on RL-20180118DKKR with PID 2576 (D:\workspace_forever_client\forever-client\forever-client-main\target\classes started by Administrator in D:\workspace_forever_client\forever-client\forever-client-main)
2018-05-10 10:56:46.017  INFO 2576 --- [main] com.gaoan.forever.App                    : The following profiles are active: dev
2018-05-10 10:56:46.073  INFO 2576 --- [main] ationConfigEmbeddedWebApplicationContext : Refreshing org.springframework.boot.context.embedded.AnnotationConfigEmbeddedWebApplicationContext@3e14c16d: startup date [Thu May 10 10:56:46 CST 2018]; root of context hierarchy
2018-05-10 10:56:47.265  INFO 2576 --- [main] o.s.b.f.s.DefaultListableBeanFactory     : Overriding bean definition for bean 'connectionFactory' with a different definition: replacing [Root bean: class [null]; scope=; abstract=false; lazyInit=false; autowireMode=3; dependencyCheck=0; autowireCandidate=true; primary=false; factoryBeanName=redisMessageConfig; factoryMethodName=connectionFactory; initMethodName=null; destroyMethodName=(inferred); defined in class path resource [com/gaoan/forever/config/RedisMessageConfig.class]] with [Root bean: class [null]; scope=; abstract=false; lazyInit=false; autowireMode=3; dependencyCheck=0; autowireCandidate=true; primary=false; factoryBeanName=redisSessionConfig; factoryMethodName=connectionFactory; initMethodName=null; destroyMethodName=(inferred); defined in class path resource [com/gaoan/forever/config/RedisSessionConfig.class]]
2018-05-10 10:56:47.388  INFO 2576 --- [main] .s.d.r.c.RepositoryConfigurationDelegate : Multiple Spring Data modules found, entering strict repository configuration mode!
2018-05-10 10:56:48.347  INFO 2576 --- [main] s.b.c.e.t.TomcatEmbeddedServletContainer : Tomcat initialized with port(s): 8080 (http)
2018-05-10 10:56:48.360  INFO 2576 --- [main] o.apache.catalina.core.StandardService   : Starting service Tomcat
2018-05-10 10:56:48.361  INFO 2576 --- [main] org.apache.catalina.core.StandardEngine  : Starting Servlet Engine: Apache Tomcat/8.5.6
2018-05-10 10:56:48.495  INFO 2576 --- [localhost-startStop-1] o.a.c.c.C.[Tomcat].[localhost].[/]       : Initializing Spring embedded WebApplicationContext
2018-05-10 10:56:48.497  INFO 2576 --- [localhost-startStop-1] o.s.web.context.ContextLoader            : Root WebApplicationContext: initialization completed in 2424 ms
2018-05-10 10:56:48.930  INFO 2576 --- [localhost-startStop-1] o.s.b.w.servlet.ServletRegistrationBean  : Mapping servlet: 'dispatcherServlet' to [/]
2018-05-10 10:56:48.935  INFO 2576 --- [localhost-startStop-1] o.s.b.w.servlet.FilterRegistrationBean   : Mapping filter: 'characterEncodingFilter' to: [/*]
2018-05-10 10:56:48.936  INFO 2576 --- [localhost-startStop-1] o.s.b.w.servlet.FilterRegistrationBean   : Mapping filter: 'springSessionRepositoryFilter' to: [/*]
2018-05-10 10:56:48.938  INFO 2576 --- [localhost-startStop-1] o.s.b.w.servlet.FilterRegistrationBean   : Mapping filter: 'hiddenHttpMethodFilter' to: [/*]
2018-05-10 10:56:48.939  INFO 2576 --- [localhost-startStop-1] o.s.b.w.servlet.FilterRegistrationBean   : Mapping filter: 'httpPutFormContentFilter' to: [/*]
2018-05-10 10:56:48.939  INFO 2576 --- [localhost-startStop-1] o.s.b.w.servlet.FilterRegistrationBean   : Mapping filter: 'requestContextFilter' to: [/*]
2018-05-10 10:56:48.987  WARN 2576 --- [main] f.a.AutowiredAnnotationBeanPostProcessor : Autowired annotation is not supported on static methods: public static void com.gaoan.forever.App.setServerApiConfig(com.gaoan.forever.config.ServerApiConfig)
2018-05-10 10:56:49.002  INFO 2576 --- [main] c.gaoan.forever.utils.cache.CacheUtils   : 开始初始化CacheUtils---------------------------
2018-05-10 10:56:49.424  INFO 2576 --- [main] s.w.s.m.m.a.RequestMappingHandlerAdapter : Looking for @ControllerAdvice: org.springframework.boot.context.embedded.AnnotationConfigEmbeddedWebApplicationContext@3e14c16d: startup date [Thu May 10 10:56:46 CST 2018]; root of context hierarchy
2018-05-10 10:56:49.508  INFO 2576 --- [main] s.w.s.m.m.a.RequestMappingHandlerMapping : Mapped "{[/error]}" onto public org.springframework.http.ResponseEntity<java.util.Map<java.lang.String, java.lang.Object>> org.springframework.boot.autoconfigure.web.BasicErrorController.error(javax.servlet.http.HttpServletRequest)
2018-05-10 10:56:49.510  INFO 2576 --- [main] s.w.s.m.m.a.RequestMappingHandlerMapping : Mapped "{[/error],produces=[text/html]}" onto public org.springframework.web.servlet.ModelAndView org.springframework.boot.autoconfigure.web.BasicErrorController.errorHtml(javax.servlet.http.HttpServletRequest,javax.servlet.http.HttpServletResponse)
2018-05-10 10:56:49.553  INFO 2576 --- [main] o.s.w.s.handler.SimpleUrlHandlerMapping  : Mapped URL path [/webjars/**] onto handler of type [class org.springframework.web.servlet.resource.ResourceHttpRequestHandler]
2018-05-10 10:56:49.554  INFO 2576 --- [main] o.s.w.s.handler.SimpleUrlHandlerMapping  : Mapped URL path [/**] onto handler of type [class org.springframework.web.servlet.resource.ResourceHttpRequestHandler]
2018-05-10 10:56:49.601  INFO 2576 --- [main] o.s.w.s.handler.SimpleUrlHandlerMapping  : Mapped URL path [/**/favicon.ico] onto handler of type [class org.springframework.web.servlet.resource.ResourceHttpRequestHandler]
2018-05-10 10:56:49.818  WARN 2576 --- [main] arterDeprecationWarningAutoConfiguration : spring-boot-starter-redis is deprecated as of Spring Boot 1.4, please migrate to spring-boot-starter-data-redis
2018-05-10 10:56:49.952  INFO 2576 --- [main] o.s.c.support.DefaultLifecycleProcessor  : Starting beans in phase 2147483647
2018-05-10 10:56:49.968  INFO 2576 --- [main] s.a.ScheduledAnnotationBeanPostProcessor : No TaskScheduler/ScheduledExecutorService bean found for scheduled processing
2018-05-10 10:56:50.045  INFO 2576 --- [main] s.b.c.e.t.TomcatEmbeddedServletContainer : Tomcat started on port(s): 8080 (http)
2018-05-10 10:56:50.055  INFO 2576 --- [main] com.gaoan.forever.App                    : Started App in 4.611 seconds (JVM running for 5.152)
2018-05-10 11:10:52.674  INFO 7932 --- [main] com.gaoan.forever.App                    : Starting App on RL-20180118DKKR with PID 7932 (D:\workspace_forever_client\forever-client\forever-client-main\target\classes started by Administrator in D:\workspace_forever_client\forever-client\forever-client-main)
2018-05-10 11:10:52.675  INFO 7932 --- [main] com.gaoan.forever.App                    : The following profiles are active: dev
2018-05-10 11:10:52.732  INFO 7932 --- [main] ationConfigEmbeddedWebApplicationContext : Refreshing org.springframework.boot.context.embedded.AnnotationConfigEmbeddedWebApplicationContext@784b990c: startup date [Thu May 10 11:10:52 CST 2018]; root of context hierarchy
2018-05-10 11:10:53.982  INFO 7932 --- [main] o.s.b.f.s.DefaultListableBeanFactory     : Overriding bean definition for bean 'connectionFactory' with a different definition: replacing [Root bean: class [null]; scope=; abstract=false; lazyInit=false; autowireMode=3; dependencyCheck=0; autowireCandidate=true; primary=false; factoryBeanName=redisMessageConfig; factoryMethodName=connectionFactory; initMethodName=null; destroyMethodName=(inferred); defined in class path resource [com/gaoan/forever/config/RedisMessageConfig.class]] with [Root bean: class [null]; scope=; abstract=false; lazyInit=false; autowireMode=3; dependencyCheck=0; autowireCandidate=true; primary=false; factoryBeanName=redisSessionConfig; factoryMethodName=connectionFactory; initMethodName=null; destroyMethodName=(inferred); defined in class path resource [com/gaoan/forever/config/RedisSessionConfig.class]]
